<?xml version="1.0" encoding="UTF-8"?>
<!-- Generated by org.testng.reporters.JUnitXMLReporter -->
<testsuite ignored="2" hostname="DESKTOP-P9I11B1" failures="0" tests="1" name="Default test" time="42.684" errors="0" timestamp="16 Oct 2021 14:27:34 GMT">
  <testcase classname="tests.WebViewTests" name="Intercom_Test" time="11.343"/>
  <testcase classname="tests.WebViewTests" name="BookDemo_Test" time="0.0">
    <ignored/>
  </testcase> <!-- BookDemo_Test -->
  <testcase classname="tests.WebViewTests" name="FeaturedCategory_Test" time="0.0">
    <ignored/>
  </testcase> <!-- FeaturedCategory_Test -->
</testsuite> <!-- Default test -->
