<?xml version="1.0" encoding="UTF-8"?>
<!-- Generated by org.testng.reporters.JUnitXMLReporter -->
<testsuite ignored="0" hostname="DESKTOP-P9I11B1" failures="0" tests="3" name="Test" time="181.486" errors="0" timestamp="17 Oct 2021 07:54:37 GMT">
  <testcase classname="tests.WebViewTests" name="BookDemo_Test" time="30.767"/>
  <testcase classname="tests.WebViewTests" name="FeaturedCategory_Test" time="46.632"/>
  <testcase classname="tests.WebViewTests" name="Intercom_Test" time="12.572"/>
</testsuite> <!-- Test -->
